1677514913052	geckodriver	INFO	Listening on 127.0.0.1:54534
1677514916331	mozrunner::runner	INFO	Running command: "C:\\Program Files\\Mozilla Firefox\\firefox.exe" "--marionette" "--remote-debugging-port" "54535" "--remote-allow-hosts" "localhost" "-no-remote" "-profile" "C:\\Users\\N-PC\\AppData\\Local\\Temp\\rust_mozprofileIndYgD"
console.warn: services.settings: Ignoring preference override of remote settings server
console.warn: services.settings: Allow by setting MOZ_REMOTE_SETTINGS_DEVTOOLS=1 in the environment
1677514919243	Marionette	INFO	Marionette enabled
Dynamically enable window occlusion 0
1677514919274	Marionette	INFO	Listening on port 54545
Read port: 54545
WebDriver BiDi listening on ws://127.0.0.1:54535
1677514920485	RemoteAgent	WARN	TLS certificate errors will be ignored for this session
console.warn: SearchSettings: "get: No settings file exists, new profile?" (new NotFoundError("Could not open the file at C:\\Users\\N-PC\\AppData\\Local\\Temp\\rust_mozprofileIndYgD\\search.json.mozlz4", (void 0)))
DevTools listening on ws://127.0.0.1:54535/devtools/browser/4164ff98-50f8-427c-82eb-7d8eb4e1b21f
JavaScript warning: https://static.licdn.com/sc/h/djykitbj8q6nbc5kqowcmv2h7, line 1: WEBGL_debug_renderer_info is deprecated in Firefox and will be removed. Please use RENDERER.
JavaScript warning: https://static.licdn.com/sc/h/djykitbj8q6nbc5kqowcmv2h7, line 1: WEBGL_debug_renderer_info is deprecated in Firefox and will be removed. Please use RENDERER.
console.warn: LoginRecipes: "Falling back to a synchronous message for: https://www.linkedin.com."
JavaScript warning: https://static.licdn.com/sc/h/20oldnhklhzz1f88661e0volz, line 88: WEBGL_debug_renderer_info is deprecated in Firefox and will be removed. Please use RENDERER.
JavaScript warning: https://static.licdn.com/sc/h/dvrda94cfmp1xzkryzuq4w5j, line 1: WEBGL_debug_renderer_info is deprecated in Firefox and will be removed. Please use RENDERER.
JavaScript warning: https://static.licdn.com/sc/h/dvrda94cfmp1xzkryzuq4w5j, line 1: WEBGL_debug_renderer_info is deprecated in Firefox and will be removed. Please use RENDERER.
console.warn: LoginRecipes: "Falling back to a synchronous message for: https://www.linkedin.com."
console.warn: LoginRecipes: "Falling back to a synchronous message for: https://www.linkedin.com."
JavaScript warning: https://static.licdn.com/sc/h/dvrda94cfmp1xzkryzuq4w5j, line 1: WEBGL_debug_renderer_info is deprecated in Firefox and will be removed. Please use RENDERER.
JavaScript warning: https://static.licdn.com/sc/h/dvrda94cfmp1xzkryzuq4w5j, line 1: WEBGL_debug_renderer_info is deprecated in Firefox and will be removed. Please use RENDERER.
JavaScript warning: https://static.licdn.com/sc/h/2nlg8s4auxc8p4udc7djqp24y, line 19219: unreachable code after return statement
JavaScript warning: https://static.licdn.com/sc/h/1htpt1b7p0gve968j5bm3rh63, line 2665: unreachable code after return statement
JavaScript warning: https://static.licdn.com/sc/h/2nlg8s4auxc8p4udc7djqp24y, line 19219: unreachable code after return statement
1677515010812	Marionette	INFO	Stopped listening on port 54545
Dynamically enable window occlusion 1
1677515032821	geckodriver	INFO	Listening on 127.0.0.1:54695
1677515035926	mozrunner::runner	INFO	Running command: "C:\\Program Files\\Mozilla Firefox\\firefox.exe" "--marionette" "--remote-debugging-port" "54696" "--remote-allow-hosts" "localhost" "-no-remote" "-profile" "C:\\Users\\N-PC\\AppData\\Local\\Temp\\rust_mozprofile9LqNcq"
console.warn: services.settings: Ignoring preference override of remote settings server
console.warn: services.settings: Allow by setting MOZ_REMOTE_SETTINGS_DEVTOOLS=1 in the environment
1677515036520	Marionette	INFO	Marionette enabled
Dynamically enable window occlusion 0
1677515036530	Marionette	INFO	Listening on port 54703
Read port: 54703
WebDriver BiDi listening on ws://127.0.0.1:54696
1677515037017	RemoteAgent	WARN	TLS certificate errors will be ignored for this session
console.warn: SearchSettings: "get: No settings file exists, new profile?" (new NotFoundError("Could not open the file at C:\\Users\\N-PC\\AppData\\Local\\Temp\\rust_mozprofile9LqNcq\\search.json.mozlz4", (void 0)))
DevTools listening on ws://127.0.0.1:54696/devtools/browser/f30b28db-ffa1-4317-b97d-82a5a28a7f55
JavaScript warning: https://static.licdn.com/sc/h/djykitbj8q6nbc5kqowcmv2h7, line 1: WEBGL_debug_renderer_info is deprecated in Firefox and will be removed. Please use RENDERER.
JavaScript warning: https://static.licdn.com/sc/h/djykitbj8q6nbc5kqowcmv2h7, line 1: WEBGL_debug_renderer_info is deprecated in Firefox and will be removed. Please use RENDERER.
JavaScript warning: https://static.licdn.com/sc/h/20oldnhklhzz1f88661e0volz, line 88: WEBGL_debug_renderer_info is deprecated in Firefox and will be removed. Please use RENDERER.
console.warn: LoginRecipes: "Falling back to a synchronous message for: https://www.linkedin.com."
JavaScript warning: https://static.licdn.com/sc/h/dvrda94cfmp1xzkryzuq4w5j, line 1: WEBGL_debug_renderer_info is deprecated in Firefox and will be removed. Please use RENDERER.
JavaScript warning: https://static.licdn.com/sc/h/dvrda94cfmp1xzkryzuq4w5j, line 1: WEBGL_debug_renderer_info is deprecated in Firefox and will be removed. Please use RENDERER.
console.warn: LoginRecipes: "Falling back to a synchronous message for: https://www.linkedin.com."
console.warn: LoginRecipes: "Falling back to a synchronous message for: https://www.linkedin.com."
JavaScript warning: https://static.licdn.com/sc/h/dvrda94cfmp1xzkryzuq4w5j, line 1: WEBGL_debug_renderer_info is deprecated in Firefox and will be removed. Please use RENDERER.
JavaScript warning: https://static.licdn.com/sc/h/dvrda94cfmp1xzkryzuq4w5j, line 1: WEBGL_debug_renderer_info is deprecated in Firefox and will be removed. Please use RENDERER.
1677515068723	Marionette	INFO	Stopped listening on port 54703
Dynamically enable window occlusion 1
!!! error running onStopped callback: TypeError: callback is not a function
WARNING: A blocker encountered an error while we were waiting.
          Blocker:  Waiting for ping task
          Phase: TelemetryController: Waiting for pending ping activity
          State: (none)
WARNING: Error: Phase "profile-before-change" is finished, it is too late to register completion condition "OS.File: flush I/O queued before profileBeforeChange"
WARNING: addBlocker@resource://gre/modules/AsyncShutdown.sys.mjs:727:15
addBlocker@resource://gre/modules/AsyncShutdown.sys.mjs:523:26
addBlocker@resource://gre/modules/AsyncShutdown.sys.mjs:458:15
setupShutdown@resource://gre/modules/osfile/osfile_async_front.jsm:1548:28
@resource://gre/modules/osfile/osfile_async_front.jsm:1568:16
@resource://gre/modules/osfile.jsm:12:30
@resource://gre/modules/TelemetryStorage.sys.mjs:10:28
_checkPendingPings@resource://gre/modules/TelemetrySend.sys.mjs:863:17
setup@resource://gre/modules/TelemetrySend.sys.mjs:803:18
setup@resource://gre/modules/TelemetrySend.sys.mjs:241:30
setupTelemetry/this._delayedInitTask<@resource://gre/modules/TelemetryControllerParent.sys.mjs:829:36
observe@resource://gre/modules/AsyncShutdown.sys.mjs:576:16

WARNING: A blocker encountered an error while we were waiting.
          Blocker:  Waiting for ping task
          Phase: TelemetryController: Waiting for pending ping activity
          State: (none)
WARNING: Error: Phase "profile-before-change" is finished, it is too late to register completion condition "OS.File: flush I/O queued before profileBeforeChange"
WARNING: addBlocker@resource://gre/modules/AsyncShutdown.sys.mjs:727:15
addBlocker@resource://gre/modules/AsyncShutdown.sys.mjs:523:26
addBlocker@resource://gre/modules/AsyncShutdown.sys.mjs:458:15
setupShutdown@resource://gre/modules/osfile/osfile_async_front.jsm:1548:28
@resource://gre/modules/osfile/osfile_async_front.jsm:1568:16
@resource://gre/modules/osfile.jsm:12:30
@resource://gre/modules/TelemetryStorage.sys.mjs:10:28
_checkPendingPings@resource://gre/modules/TelemetrySend.sys.mjs:863:17
setup@resource://gre/modules/TelemetrySend.sys.mjs:803:18
setup@resource://gre/modules/TelemetrySend.sys.mjs:241:30
setupTelemetry/this._delayedInitTask<@resource://gre/modules/TelemetryControllerParent.sys.mjs:829:36
observe@resource://gre/modules/AsyncShutdown.sys.mjs:576:16

WARNING: A blocker encountered an error while we were waiting.
          Blocker:  Waiting for ping task
          Phase: TelemetryController: Waiting for pending ping activity
          State: (none)
WARNING: Error: Phase "profile-before-change" is finished, it is too late to register completion condition "OS.File: flush I/O queued before profileBeforeChange"
WARNING: addBlocker@resource://gre/modules/AsyncShutdown.sys.mjs:727:15
addBlocker@resource://gre/modules/AsyncShutdown.sys.mjs:523:26
addBlocker@resource://gre/modules/AsyncShutdown.sys.mjs:458:15
setupShutdown@resource://gre/modules/osfile/osfile_async_front.jsm:1548:28
@resource://gre/modules/osfile/osfile_async_front.jsm:1568:16
@resource://gre/modules/osfile.jsm:12:30
@resource://gre/modules/TelemetryStorage.sys.mjs:10:28
_checkPendingPings@resource://gre/modules/TelemetrySend.sys.mjs:863:17
setup@resource://gre/modules/TelemetrySend.sys.mjs:803:18
setup@resource://gre/modules/TelemetrySend.sys.mjs:241:30
setupTelemetry/this._delayedInitTask<@resource://gre/modules/TelemetryControllerParent.sys.mjs:829:36
observe@resource://gre/modules/AsyncShutdown.sys.mjs:576:16

WARNING: A blocker encountered an error while we were waiting.
          Blocker:  TelemetryController: shutting down
          Phase: profile-before-change-telemetry
          State: Error getting state: Error: Phase "profile-before-change" is finished, it is too late to register completion condition "OS.File: flush I/O queued before profileBeforeChange" at addBlocker@resource://gre/modules/AsyncShutdown.sys.mjs:727:15
addBlocker@resource://gre/modules/AsyncShutdown.sys.mjs:523:26
addBlocker@resource://gre/modules/AsyncShutdown.sys.mjs:458:15
setupShutdown@resource://gre/modules/osfile/osfile_async_front.jsm:1548:28
@resource://gre/modules/osfile/osfile_async_front.jsm:1568:16
@resource://gre/modules/osfile.jsm:12:30
@resource://gre/modules/TelemetryStorage.sys.mjs:10:28
_checkPendingPings@resource://gre/modules/TelemetrySend.sys.mjs:863:17
setup@resource://gre/modules/TelemetrySend.sys.mjs:803:18
setup@resource://gre/modules/TelemetrySend.sys.mjs:241:30
setupTelemetry/this._delayedInitTask<@resource://gre/modules/TelemetryControllerParent.sys.mjs:829:36
observe@resource://gre/modules/AsyncShutdown.sys.mjs:576:16

WARNING: Error: Phase "profile-before-change" is finished, it is too late to register completion condition "OS.File: flush I/O queued before profileBeforeChange"
WARNING: addBlocker@resource://gre/modules/AsyncShutdown.sys.mjs:727:15
addBlocker@resource://gre/modules/AsyncShutdown.sys.mjs:523:26
addBlocker@resource://gre/modules/AsyncShutdown.sys.mjs:458:15
setupShutdown@resource://gre/modules/osfile/osfile_async_front.jsm:1548:28
@resource://gre/modules/osfile/osfile_async_front.jsm:1568:16
@resource://gre/modules/osfile.jsm:12:30
@resource://gre/modules/TelemetryStorage.sys.mjs:10:28
_checkPendingPings@resource://gre/modules/TelemetrySend.sys.mjs:863:17
setup@resource://gre/modules/TelemetrySend.sys.mjs:803:18
setup@resource://gre/modules/TelemetrySend.sys.mjs:241:30
setupTelemetry/this._delayedInitTask<@resource://gre/modules/TelemetryControllerParent.sys.mjs:829:36
observe@resource://gre/modules/AsyncShutdown.sys.mjs:576:16

JavaScript error: resource://gre/modules/AsyncShutdown.sys.mjs, line 727: Error: Phase "profile-before-change" is finished, it is too late to register completion condition "OS.File: flush I/O queued before profileBeforeChange"
JavaScript error: resource://gre/modules/AsyncShutdown.sys.mjs, line 727: Error: Phase "profile-before-change" is finished, it is too late to register completion condition "OS.File: flush I/O queued before profileBeforeChange"
JavaScript error: resource://gre/modules/AsyncShutdown.sys.mjs, line 727: Error: Phase "profile-before-change" is finished, it is too late to register completion condition "OS.File: flush I/O queued before profileBeforeChange"
JavaScript error: resource://gre/modules/AsyncShutdown.sys.mjs, line 727: Error: Phase "profile-before-change" is finished, it is too late to register completion condition "OS.File: flush I/O queued before profileBeforeChange"
JavaScript error: resource://gre/modules/AsyncShutdown.sys.mjs, line 727: Error: Phase "profile-before-change" is finished, it is too late to register completion condition "OS.File: flush I/O queued before profileBeforeChange"
JavaScript error: resource://gre/modules/AsyncShutdown.sys.mjs, line 727: Error: Phase "profile-before-change" is finished, it is too late to register completion condition "OS.File: flush I/O queued before profileBeforeChange"
1677515088766	geckodriver	INFO	Listening on 127.0.0.1:54777
1677515091849	mozrunner::runner	INFO	Running command: "C:\\Program Files\\Mozilla Firefox\\firefox.exe" "--marionette" "--remote-debugging-port" "54778" "--remote-allow-hosts" "localhost" "-no-remote" "-profile" "C:\\Users\\N-PC\\AppData\\Local\\Temp\\rust_mozprofiletZyeYa"
console.warn: services.settings: Ignoring preference override of remote settings server
console.warn: services.settings: Allow by setting MOZ_REMOTE_SETTINGS_DEVTOOLS=1 in the environment
1677515092240	Marionette	INFO	Marionette enabled
Dynamically enable window occlusion 0
1677515092246	Marionette	INFO	Listening on port 54785
Read port: 54785
WebDriver BiDi listening on ws://127.0.0.1:54778
1677515092390	RemoteAgent	WARN	TLS certificate errors will be ignored for this session
console.warn: SearchSettings: "get: No settings file exists, new profile?" (new NotFoundError("Could not open the file at C:\\Users\\N-PC\\AppData\\Local\\Temp\\rust_mozprofiletZyeYa\\search.json.mozlz4", (void 0)))
DevTools listening on ws://127.0.0.1:54778/devtools/browser/57e1982d-3212-4cab-ac33-81cbee5fe328
JavaScript warning: https://static.licdn.com/sc/h/djykitbj8q6nbc5kqowcmv2h7, line 1: WEBGL_debug_renderer_info is deprecated in Firefox and will be removed. Please use RENDERER.
JavaScript warning: https://static.licdn.com/sc/h/djykitbj8q6nbc5kqowcmv2h7, line 1: WEBGL_debug_renderer_info is deprecated in Firefox and will be removed. Please use RENDERER.
console.warn: LoginRecipes: "Falling back to a synchronous message for: https://www.linkedin.com."
JavaScript error: https://static.licdn.com/sc/h/dmke7g79hm3iwsfcou75kwnu7, line 1: Error: Could not lazy load JS with src https://static.licdn.com/sc/h/20oldnhklhzz1f88661e0volz
JavaScript error: https://static.licdn.com/sc/h/dmke7g79hm3iwsfcou75kwnu7, line 1: Error: Could not lazy load JS with src https://static.licdn.com/sc/h/6y2czwba46q3wsh2b0d0g6trj
JavaScript error: https://static.licdn.com/sc/h/dmke7g79hm3iwsfcou75kwnu7, line 1: Error: Could not lazy load JS with src https://static.licdn.com/sc/h/6y2czwba46q3wsh2b0d0g6trj
JavaScript warning: https://static.licdn.com/sc/h/dvrda94cfmp1xzkryzuq4w5j, line 1: WEBGL_debug_renderer_info is deprecated in Firefox and will be removed. Please use RENDERER.
JavaScript warning: https://static.licdn.com/sc/h/dvrda94cfmp1xzkryzuq4w5j, line 1: WEBGL_debug_renderer_info is deprecated in Firefox and will be removed. Please use RENDERER.
console.warn: LoginRecipes: "Falling back to a synchronous message for: https://www.linkedin.com."
console.warn: LoginRecipes: "Falling back to a synchronous message for: https://www.linkedin.com."
JavaScript warning: https://static.licdn.com/sc/h/2nlg8s4auxc8p4udc7djqp24y, line 19219: unreachable code after return statement
JavaScript warning: https://static.licdn.com/sc/h/1htpt1b7p0gve968j5bm3rh63, line 2665: unreachable code after return statement
JavaScript warning: https://static.licdn.com/sc/h/2nlg8s4auxc8p4udc7djqp24y, line 19219: unreachable code after return statement
console.warn: services.settings: Ignoring preference override of remote settings server
console.warn: services.settings: Allow by setting MOZ_REMOTE_SETTINGS_DEVTOOLS=1 in the environment
console.error: (new TypeError("lazy.AsyncShutdown.profileBeforeChange is undefined", "resource://services-settings/Database.jsm", 603))
1677515183972	Marionette	INFO	Stopped listening on port 54785
Dynamically enable window occlusion 1
1677515287414	geckodriver	INFO	Listening on 127.0.0.1:54932
1677515290464	mozrunner::runner	INFO	Running command: "C:\\Program Files\\Mozilla Firefox\\firefox.exe" "--marionette" "--remote-debugging-port" "54933" "--remote-allow-hosts" "localhost" "-no-remote" "-profile" "C:\\Users\\N-PC\\AppData\\Local\\Temp\\rust_mozprofileObmY4X"
console.warn: services.settings: Ignoring preference override of remote settings server
console.warn: services.settings: Allow by setting MOZ_REMOTE_SETTINGS_DEVTOOLS=1 in the environment
1677515290980	Marionette	INFO	Marionette enabled
Dynamically enable window occlusion 0
1677515290986	Marionette	INFO	Listening on port 54940
Read port: 54940
WebDriver BiDi listening on ws://127.0.0.1:54933
1677515291155	RemoteAgent	WARN	TLS certificate errors will be ignored for this session
console.warn: SearchSettings: "get: No settings file exists, new profile?" (new NotFoundError("Could not open the file at C:\\Users\\N-PC\\AppData\\Local\\Temp\\rust_mozprofileObmY4X\\search.json.mozlz4", (void 0)))
DevTools listening on ws://127.0.0.1:54933/devtools/browser/1c84f9dc-b30e-4ba4-9d45-31c81ea49c07
JavaScript warning: https://static.licdn.com/sc/h/djykitbj8q6nbc5kqowcmv2h7, line 1: WEBGL_debug_renderer_info is deprecated in Firefox and will be removed. Please use RENDERER.
JavaScript warning: https://static.licdn.com/sc/h/djykitbj8q6nbc5kqowcmv2h7, line 1: WEBGL_debug_renderer_info is deprecated in Firefox and will be removed. Please use RENDERER.
console.warn: LoginRecipes: "Falling back to a synchronous message for: https://www.linkedin.com."
JavaScript warning: https://static.licdn.com/sc/h/20oldnhklhzz1f88661e0volz, line 88: WEBGL_debug_renderer_info is deprecated in Firefox and will be removed. Please use RENDERER.
JavaScript warning: https://static.licdn.com/sc/h/dvrda94cfmp1xzkryzuq4w5j, line 1: WEBGL_debug_renderer_info is deprecated in Firefox and will be removed. Please use RENDERER.
JavaScript warning: https://static.licdn.com/sc/h/dvrda94cfmp1xzkryzuq4w5j, line 1: WEBGL_debug_renderer_info is deprecated in Firefox and will be removed. Please use RENDERER.
console.warn: LoginRecipes: "Falling back to a synchronous message for: https://www.linkedin.com."
console.warn: LoginRecipes: "Falling back to a synchronous message for: https://www.linkedin.com."
JavaScript warning: https://static.licdn.com/sc/h/2nlg8s4auxc8p4udc7djqp24y, line 19219: unreachable code after return statement
JavaScript warning: https://static.licdn.com/sc/h/1htpt1b7p0gve968j5bm3rh63, line 2665: unreachable code after return statement
JavaScript warning: https://static.licdn.com/sc/h/2nlg8s4auxc8p4udc7djqp24y, line 19219: unreachable code after return statement
1677515334573	Marionette	WARN	Ignoring event 'pageshow' because document has an invalid readyState of 'uninitialized'.
JavaScript warning: https://static.licdn.com/sc/h/2nlg8s4auxc8p4udc7djqp24y, line 19219: unreachable code after return statement
1677522188874	Marionette	INFO	Stopped listening on port 54940
Dynamically enable window occlusion 1
